testeroo
testeroo
2018-10-18 16:41:55.799681: testeroo
2018-10-18 16:41:59.126959: ERROR FINDING bitcoin WEALTH DISTRIBUTION:division by zero
2018-10-18 16:42:11.201591: testeroo
2018-10-18 16:42:32.244442: ERROR FINDING bitcoin WEALTH DISTRIBUTION:division by zero
2018-10-18 16:42:44.642718: ERROR FINDING bitcoin CONSENSUS DISTRIBUTION:index 0 is out of bounds for axis 0 with size 0
2018-10-18 16:43:43.774832: ERROR FINDING bitcoin cash CONSENSUS DISTRIBUTION:0
2018-10-18 16:45:02.027203: ERROR FINDING qtum PUBLIC NODE COUNT:Message: 

2018-10-18 16:45:02.027693: ERROR FINDING qtum CONSENSUS DISTRIBUTION:unorderable types: NoneType() >= int()
2018-10-18 16:45:32.213240: ERROR FINDING qtum PUBLIC NODE COUNT:Message: 

2018-12-02 08:50:41.150860: ERROR FINDING bitcoin WEALTH DISTRIBUTION: division by zero
2018-12-02 08:50:57.356358: ERROR FINDING bitcoin PUBLIC NODE COUNT: Message: 

2018-12-02 08:51:42.286878: ERROR FINDING bitcoin cash PUBLIC NODE COUNT: Message: 

2018-12-02 08:51:49.568961: ERROR FINDING bitcoin cash CONSENSUS DISTRIBUTION: 0
2018-12-02 08:53:30.373543: ERROR FINDING nano WEALTH DISTRIBUTION: Message: 

2018-12-02 08:53:51.859918: ERROR FINDING neo WEALTH DISTRIBUTION: cannot convert the series to <class 'float'>
2018-12-02 08:54:12.283354: ERROR FINDING tezos PUBLIC NODE COUNT: 'NoneType' object has no attribute 'group'
2018-12-02 08:54:14.033616: ERROR FINDING tezos CONSENSUS DISTRIBUTION: 'percent'
2018-12-02 08:55:22.617082: ERROR FINDING siacoin CONSENSUS DISTRIBUTION: 
2018-12-02 08:56:00.511209: ERROR FINDING bitcoin WEALTH DISTRIBUTION: division by zero
2018-12-02 08:56:16.306611: ERROR FINDING bitcoin PUBLIC NODE COUNT: Message: 

2018-12-02 08:57:03.641427: ERROR FINDING bitcoin cash PUBLIC NODE COUNT: Message: 

2018-12-02 08:58:42.168685: ERROR FINDING nano WEALTH DISTRIBUTION: Message: 

2018-12-02 08:59:03.071683: ERROR FINDING neo WEALTH DISTRIBUTION: cannot convert the series to <class 'float'>
2018-12-02 08:59:24.742597: ERROR FINDING tezos PUBLIC NODE COUNT: 'NoneType' object has no attribute 'group'
2018-12-02 08:59:26.870005: ERROR FINDING tezos CONSENSUS DISTRIBUTION: Message: stale element reference: element is not attached to the page document
  (Session info: headless chrome=70.0.3538.110)
  (Driver info: chromedriver=2.35.528157 (4429ca2590d6988c0745c24c8858745aaaec01ef),platform=Mac OS X 10.11.6 x86_64)

2018-12-02 09:00:33.653571: ERROR FINDING siacoin CONSENSUS DISTRIBUTION: 
2018-12-02 09:02:23.235153: ERROR FINDING bitcoin WEALTH DISTRIBUTION: division by zero
2018-12-02 09:02:40.372350: ERROR FINDING bitcoin PUBLIC NODE COUNT: Message: 

2018-12-02 09:03:39.310010: ERROR FINDING bitcoin cash PUBLIC NODE COUNT: Message: 

2018-12-02 09:05:38.427843: ERROR FINDING nano WEALTH DISTRIBUTION: Message: 

2018-12-02 09:06:01.839349: ERROR FINDING neo WEALTH DISTRIBUTION: cannot convert the series to <class 'float'>
2018-12-02 09:06:47.619597: ERROR FINDING tezos CONSENSUS DISTRIBUTION: 'percent'
2018-12-02 09:08:01.532107: ERROR FINDING siacoin CONSENSUS DISTRIBUTION: 
2019-01-14 17:57:28.986835: ERROR FINDING bitcoin WEALTH DISTRIBUTION: division by zero
2019-01-14 17:57:49.341034: ERROR FINDING bitcoin PUBLIC NODE COUNT: Message: 

2019-01-14 17:58:52.867656: ERROR FINDING bitcoin cash PUBLIC NODE COUNT: Message: 

2019-01-14 18:00:33.052542: ERROR FINDING nano WEALTH DISTRIBUTION: Message: 

2019-01-14 18:01:24.664305: ERROR FINDING tezos CONSENSUS DISTRIBUTION: 'percent'
2019-01-14 18:02:38.321172: ERROR FINDING siacoin CONSENSUS DISTRIBUTION: 
2019-01-16 17:27:25.497183: ERROR FINDING bitcoin WEALTH DISTRIBUTION: division by zero
2019-01-16 17:27:45.103444: ERROR FINDING bitcoin PUBLIC NODE COUNT: Message: 

2019-01-16 17:28:38.586558: ERROR FINDING bitcoin cash PUBLIC NODE COUNT: Message: 

2019-01-16 17:29:59.888296: ERROR FINDING bitcoin WEALTH DISTRIBUTION: division by zero
2019-01-16 17:30:18.803369: ERROR FINDING bitcoin PUBLIC NODE COUNT: Message: 

2019-01-16 17:31:00.374391: ERROR FINDING bitcoin PUBLIC NODE COUNT: Message: 

2019-01-16 17:31:56.642703: ERROR FINDING bitcoin PUBLIC NODE COUNT: Message: 

2019-01-16 17:33:18.183050: ERROR FINDING bitcoin PUBLIC NODE COUNT: Message: 

2019-01-16 17:41:01.829070: ERROR FINDING bitcoin cash PUBLIC NODE COUNT: Message: 

2019-01-16 17:43:14.343581: ERROR FINDING bitcoin cash PUBLIC NODE COUNT: Message: 

2019-01-16 17:44:57.454449: ERROR FINDING nano WEALTH DISTRIBUTION: Message: 

2019-01-16 17:45:33.961030: ERROR FINDING neo WEALTH DISTRIBUTION: cannot convert the series to <class 'float'>
2019-01-16 17:46:08.379368: ERROR FINDING tezos CONSENSUS DISTRIBUTION: 'percent'
2019-01-16 17:47:22.322381: ERROR FINDING siacoin CONSENSUS DISTRIBUTION: 
start!


start!
2019-01-16 17:54:49.525415: ERROR FINDING nano WEALTH DISTRIBUTION: Message: 

2019-01-16 17:55:11.423551: ERROR FINDING neo WEALTH DISTRIBUTION: cannot convert the series to <class 'float'>
2019-01-16 17:55:35.655469: ERROR FINDING tezos CONSENSUS DISTRIBUTION: 'percent'
2019-01-16 17:56:49.128128: ERROR FINDING siacoin CONSENSUS DISTRIBUTION: 


start!


start!


start!


start!


start!


start!


start!


start!


start!
2019-01-16 22:01:10.298475: ERROR FINDING nano WEALTH DISTRIBUTION: Message: 



start!
2019-01-16 22:04:13.510564: ERROR FINDING tezos CONSENSUS DISTRIBUTION: 'percent'
2019-01-16 22:04:57.372647: ERROR FINDING siacoin CONSENSUS DISTRIBUTION: 


start!
2019-01-16 22:05:17.578544: ERROR FINDING tezos CONSENSUS DISTRIBUTION: 'percent'


start!


start!
2019-01-16 22:06:01.808842: ERROR FINDING tezos CONSENSUS DISTRIBUTION: 'percent'


start!


start!
2019-01-16 22:12:48.190181: ERROR FINDING siacoin CONSENSUS DISTRIBUTION: 


start!
2019-01-16 22:14:35.381491: ERROR FINDING siacoin CONSENSUS DISTRIBUTION: 


start!
2019-01-16 22:15:38.771593: ERROR FINDING siacoin CONSENSUS DISTRIBUTION: 


start!


start!
2019-01-16 22:34:10.959474: ERROR FINDING neo WEALTH DISTRIBUTION: cannot convert the series to <class 'float'>


start!


start!


start!


start!


start!


start!
2019-01-18 15:34:24.582096: ERROR FINDING neo WEALTH DISTRIBUTION: cannot convert the series to <class 'float'>


start!
2019-01-26 21:41:48.658584: ERROR FINDING neo WEALTH DISTRIBUTION: cannot convert the series to <class 'float'>


start!
2019-01-27 15:40:50.492779: ERROR FINDING neo WEALTH DISTRIBUTION: cannot convert the series to <class 'float'>
